0 info it worked if it ends with ok
1 verbose cli [ '/Users/drjova/.nvm/versions/node/v5.0.0/bin/node',
1 verbose cli   '/Users/drjova/.nvm/versions/node/v5.0.0/bin/npm',
1 verbose cli   'start' ]
2 info using npm@3.3.6
3 info using node@v5.0.0
4 verbose run-script [ 'prestart', 'start', 'poststart' ]
5 info lifecycle footprint@1.0.0~prestart: footprint@1.0.0
6 silly lifecycle footprint@1.0.0~prestart: no script for prestart, continuing
7 info lifecycle footprint@1.0.0~start: footprint@1.0.0
8 verbose lifecycle footprint@1.0.0~start: unsafe-perm in lifecycle true
9 verbose lifecycle footprint@1.0.0~start: PATH: /Users/drjova/.nvm/versions/node/v5.0.0/lib/node_modules/npm/bin/node-gyp-bin:/Users/drjova/.tmp/footprint/node_modules/.bin:/Users/drjova/.nvm/versions/node/v5.0.0/bin:/usr/local/sbin:/usr/local/heroku/bin:/usr/local/bin:/Users/drjova/bin:/usr/local/bin:/usr/bin:/bin:/usr/sbin:/sbin:/Library/TeX/texbin:/usr/local/sbin:/usr/local/heroku/bin:/Users/drjova/bin
10 verbose lifecycle footprint@1.0.0~start: CWD: /Users/drjova/.tmp/footprint
11 silly lifecycle footprint@1.0.0~start: Args: [ '-c',
11 silly lifecycle   'webpack-dev-server --history-api-fallback --no-info --open' ]
12 silly lifecycle footprint@1.0.0~start: Returned: code: 1  signal: null
13 info lifecycle footprint@1.0.0~start: Failed to exec start script
14 verbose stack Error: footprint@1.0.0 start: `webpack-dev-server --history-api-fallback --no-info --open`
14 verbose stack Exit status 1
14 verbose stack     at EventEmitter.<anonymous> (/Users/drjova/.nvm/versions/node/v5.0.0/lib/node_modules/npm/lib/utils/lifecycle.js:233:16)
14 verbose stack     at emitTwo (events.js:87:13)
14 verbose stack     at EventEmitter.emit (events.js:172:7)
14 verbose stack     at ChildProcess.<anonymous> (/Users/drjova/.nvm/versions/node/v5.0.0/lib/node_modules/npm/lib/utils/spawn.js:24:14)
14 verbose stack     at emitTwo (events.js:87:13)
14 verbose stack     at ChildProcess.emit (events.js:172:7)
14 verbose stack     at maybeClose (internal/child_process.js:818:16)
14 verbose stack     at Process.ChildProcess._handle.onexit (internal/child_process.js:211:5)
15 verbose pkgid footprint@1.0.0
16 verbose cwd /Users/drjova/.tmp/footprint
17 error Darwin 15.5.0
18 error argv "/Users/drjova/.nvm/versions/node/v5.0.0/bin/node" "/Users/drjova/.nvm/versions/node/v5.0.0/bin/npm" "start"
19 error node v5.0.0
20 error npm  v3.3.6
21 error code ELIFECYCLE
22 error footprint@1.0.0 start: `webpack-dev-server --history-api-fallback --no-info --open`
22 error Exit status 1
23 error Failed at the footprint@1.0.0 start script 'webpack-dev-server --history-api-fallback --no-info --open'.
23 error This is most likely a problem with the footprint package,
23 error not with npm itself.
23 error Tell the author that this fails on your system:
23 error     webpack-dev-server --history-api-fallback --no-info --open
23 error You can get their info via:
23 error     npm owner ls footprint
23 error There is likely additional logging output above.
24 verbose exit [ 1, true ]
